<?xml version="1.0" encoding="UTF-8"?>
<testng-results skipped="0" failed="0" total="1" passed="1">
  <reporter-output>
  </reporter-output>
  <suite name="Default suite" duration-ms="12157" started-at="2020-10-20T13:26:15Z" finished-at="2020-10-20T13:26:28Z">
    <groups>
    </groups>
    <test name="Default test" duration-ms="12157" started-at="2020-10-20T13:26:15Z" finished-at="2020-10-20T13:26:28Z">
      <class name="com.learnautomation.testcases.TestAcmeBankLogin">
        <test-method status="PASS" signature="setup()[pri:0, instance:com.learnautomation.testcases.TestAcmeBankLogin@23223dd8]" name="setup" is-config="true" duration-ms="8845" started-at="2020-10-20T09:26:15Z" finished-at="2020-10-20T09:26:24Z">
          <reporter-output>
          </reporter-output>
        </test-method> <!-- setup -->
        <test-method status="PASS" signature="loginAppTest()[pri:0, instance:com.learnautomation.testcases.TestAcmeBankLogin@23223dd8]" name="loginAppTest" duration-ms="2597" started-at="2020-10-20T09:26:24Z" finished-at="2020-10-20T09:26:27Z">
          <reporter-output>
          </reporter-output>
        </test-method> <!-- loginAppTest -->
        <test-method status="PASS" signature="tearDown()[pri:0, instance:com.learnautomation.testcases.TestAcmeBankLogin@23223dd8]" name="tearDown" is-config="true" duration-ms="700" started-at="2020-10-20T09:26:27Z" finished-at="2020-10-20T09:26:28Z">
          <reporter-output>
          </reporter-output>
        </test-method> <!-- tearDown -->
      </class> <!-- com.learnautomation.testcases.TestAcmeBankLogin -->
    </test> <!-- Default test -->
  </suite> <!-- Default suite -->
</testng-results>
